#! /usr/local/bin/vvp
:ivl_version "12.0 (stable)";
:ivl_delay_selection "TYPICAL";
:vpi_time_precision + 0;
:vpi_module "/usr/local/lib/ivl/system.vpi";
:vpi_module "/usr/local/lib/ivl/vhdl_sys.vpi";
:vpi_module "/usr/local/lib/ivl/vhdl_textio.vpi";
:vpi_module "/usr/local/lib/ivl/v2005_math.vpi";
:vpi_module "/usr/local/lib/ivl/va_math.vpi";
S_0x5591d4e284e0 .scope module, "ALU" "ALU" 2 18;
 .timescale 0 0;
    .port_info 0 /INPUT 32 "operand_a";
    .port_info 1 /INPUT 32 "operand_b";
    .port_info 2 /INPUT 4 "alu_control";
    .port_info 3 /OUTPUT 32 "result";
    .port_info 4 /OUTPUT 4 "nzcv";
    .port_info 5 /INPUT 1 "reset";
    .port_info 6 /OUTPUT 1 "result_writeback";
    .port_info 7 /OUTPUT 1 "nzcv_writeback";
v0x5591d4e396b0_0 .var "acc", 32 0;
o0x7f13b7f33048 .functor BUFZ 4, C4<zzzz>; HiZ drive
v0x5591d4e86670_0 .net "alu_control", 3 0, o0x7f13b7f33048;  0 drivers
v0x5591d4e86750_0 .var "carry_flag", 0 0;
v0x5591d4e867f0_0 .var "negative_flag", 0 0;
v0x5591d4e868b0_0 .var "nzcv", 3 0;
v0x5591d4e869e0_0 .var "nzcv_writeback", 0 0;
o0x7f13b7f33138 .functor BUFZ 32, C4<zzzzzzzzzzzzzzzzzzzzzzzzzzzzzzzz>; HiZ drive
v0x5591d4e86aa0_0 .net/s "operand_a", 31 0, o0x7f13b7f33138;  0 drivers
o0x7f13b7f33168 .functor BUFZ 32, C4<zzzzzzzzzzzzzzzzzzzzzzzzzzzzzzzz>; HiZ drive
v0x5591d4e86b80_0 .net/s "operand_b", 31 0, o0x7f13b7f33168;  0 drivers
v0x5591d4e86c60_0 .var "overflow_flag", 0 0;
o0x7f13b7f331c8 .functor BUFZ 1, C4<z>; HiZ drive
v0x5591d4e86d20_0 .net "reset", 0 0, o0x7f13b7f331c8;  0 drivers
v0x5591d4e86de0_0 .var "result", 31 0;
v0x5591d4e86ec0_0 .var "result_writeback", 0 0;
v0x5591d4e86f80_0 .var "zero_flag", 0 0;
E_0x5591d4e5fbe0/0 .event anyedge, v0x5591d4e86d20_0, v0x5591d4e86670_0, v0x5591d4e86aa0_0, v0x5591d4e86b80_0;
E_0x5591d4e5fbe0/1 .event anyedge, v0x5591d4e396b0_0, v0x5591d4e86750_0, v0x5591d4e86de0_0, v0x5591d4e867f0_0;
E_0x5591d4e5fbe0/2 .event anyedge, v0x5591d4e86f80_0, v0x5591d4e86c60_0;
E_0x5591d4e5fbe0 .event/or E_0x5591d4e5fbe0/0, E_0x5591d4e5fbe0/1, E_0x5591d4e5fbe0/2;
    .scope S_0x5591d4e284e0;
T_0 ;
    %wait E_0x5591d4e5fbe0;
    %load/vec4 v0x5591d4e86d20_0;
    %flag_set/vec4 8;
    %jmp/0xz  T_0.0, 8;
    %pushi/vec4 0, 0, 1;
    %store/vec4 v0x5591d4e86f80_0, 0, 1;
    %pushi/vec4 0, 0, 1;
    %store/vec4 v0x5591d4e86750_0, 0, 1;
    %pushi/vec4 0, 0, 1;
    %store/vec4 v0x5591d4e86c60_0, 0, 1;
    %pushi/vec4 0, 0, 1;
    %store/vec4 v0x5591d4e867f0_0, 0, 1;
    %jmp T_0.1;
T_0.0 ;
    %load/vec4 v0x5591d4e86670_0;
    %dup/vec4;
    %pushi/vec4 4, 0, 4;
    %cmp/u;
    %jmp/1 T_0.2, 6;
    %dup/vec4;
    %pushi/vec4 5, 0, 4;
    %cmp/u;
    %jmp/1 T_0.3, 6;
    %dup/vec4;
    %pushi/vec4 2, 0, 4;
    %cmp/u;
    %jmp/1 T_0.4, 6;
    %dup/vec4;
    %pushi/vec4 6, 0, 4;
    %cmp/u;
    %jmp/1 T_0.5, 6;
    %dup/vec4;
    %pushi/vec4 7, 0, 4;
    %cmp/u;
    %jmp/1 T_0.6, 6;
    %dup/vec4;
    %pushi/vec4 0, 0, 4;
    %cmp/u;
    %jmp/1 T_0.7, 6;
    %dup/vec4;
    %pushi/vec4 14, 0, 4;
    %cmp/u;
    %jmp/1 T_0.8, 6;
    %dup/vec4;
    %pushi/vec4 8, 0, 4;
    %cmp/u;
    %jmp/1 T_0.9, 6;
    %dup/vec4;
    %pushi/vec4 9, 0, 4;
    %cmp/u;
    %jmp/1 T_0.10, 6;
    %dup/vec4;
    %pushi/vec4 12, 0, 4;
    %cmp/u;
    %jmp/1 T_0.11, 6;
    %dup/vec4;
    %pushi/vec4 1, 0, 4;
    %cmp/u;
    %jmp/1 T_0.12, 6;
    %dup/vec4;
    %pushi/vec4 15, 0, 4;
    %cmp/u;
    %jmp/1 T_0.13, 6;
    %dup/vec4;
    %pushi/vec4 3, 0, 4;
    %cmp/u;
    %jmp/1 T_0.14, 6;
    %dup/vec4;
    %pushi/vec4 10, 0, 4;
    %cmp/u;
    %jmp/1 T_0.15, 6;
    %dup/vec4;
    %pushi/vec4 11, 0, 4;
    %cmp/u;
    %jmp/1 T_0.16, 6;
    %jmp T_0.17;
T_0.2 ;
    %load/vec4 v0x5591d4e86aa0_0;
    %pad/s 33;
    %load/vec4 v0x5591d4e86b80_0;
    %pad/s 33;
    %add;
    %assign/vec4 v0x5591d4e396b0_0, 0;
    %load/vec4 v0x5591d4e396b0_0;
    %parti/s 2, 31, 6;
    %dup/vec4;
    %pushi/vec4 1, 0, 2;
    %cmp/u;
    %jmp/1 T_0.18, 6;
    %dup/vec4;
    %pushi/vec4 2, 0, 2;
    %cmp/u;
    %jmp/1 T_0.19, 6;
    %load/vec4 v0x5591d4e396b0_0;
    %parti/s 32, 0, 2;
    %store/vec4 v0x5591d4e86de0_0, 0, 32;
    %jmp T_0.21;
T_0.18 ;
    %pushi/vec4 2147483647, 0, 32;
    %store/vec4 v0x5591d4e86de0_0, 0, 32;
    %jmp T_0.21;
T_0.19 ;
    %pushi/vec4 2147483648, 0, 32;
    %store/vec4 v0x5591d4e86de0_0, 0, 32;
    %jmp T_0.21;
T_0.21 ;
    %pop/vec4 1;
    %load/vec4 v0x5591d4e396b0_0;
    %parti/s 2, 31, 6;
    %cmpi/e 1, 0, 2;
    %flag_get/vec4 4;
    %jmp/1 T_0.22, 4;
    %load/vec4 v0x5591d4e396b0_0;
    %parti/s 2, 31, 6;
    %pushi/vec4 2, 0, 2;
    %cmp/e;
    %flag_get/vec4 4;
    %or;
T_0.22;
    %store/vec4 v0x5591d4e86c60_0, 0, 1;
    %load/vec4 v0x5591d4e396b0_0;
    %parti/s 1, 32, 7;
    %pushi/vec4 1, 0, 1;
    %cmp/e;
    %flag_get/vec4 4;
    %store/vec4 v0x5591d4e86750_0, 0, 1;
    %jmp T_0.17;
T_0.3 ;
    %load/vec4 v0x5591d4e86aa0_0;
    %pad/u 33;
    %load/vec4 v0x5591d4e86b80_0;
    %pad/u 33;
    %add;
    %load/vec4 v0x5591d4e86750_0;
    %pad/u 33;
    %add;
    %store/vec4 v0x5591d4e396b0_0, 0, 33;
    %load/vec4 v0x5591d4e396b0_0;
    %parti/s 2, 31, 6;
    %dup/vec4;
    %pushi/vec4 1, 0, 2;
    %cmp/u;
    %jmp/1 T_0.23, 6;
    %dup/vec4;
    %pushi/vec4 2, 0, 2;
    %cmp/u;
    %jmp/1 T_0.24, 6;
    %load/vec4 v0x5591d4e396b0_0;
    %parti/s 32, 0, 2;
    %store/vec4 v0x5591d4e86de0_0, 0, 32;
    %jmp T_0.26;
T_0.23 ;
    %pushi/vec4 2147483647, 0, 32;
    %store/vec4 v0x5591d4e86de0_0, 0, 32;
    %jmp T_0.26;
T_0.24 ;
    %pushi/vec4 2147483648, 0, 32;
    %store/vec4 v0x5591d4e86de0_0, 0, 32;
    %jmp T_0.26;
T_0.26 ;
    %pop/vec4 1;
    %load/vec4 v0x5591d4e396b0_0;
    %parti/s 2, 31, 6;
    %cmpi/e 1, 0, 2;
    %flag_get/vec4 4;
    %jmp/1 T_0.27, 4;
    %load/vec4 v0x5591d4e396b0_0;
    %parti/s 2, 31, 6;
    %pushi/vec4 2, 0, 2;
    %cmp/e;
    %flag_get/vec4 4;
    %or;
T_0.27;
    %store/vec4 v0x5591d4e86c60_0, 0, 1;
    %load/vec4 v0x5591d4e396b0_0;
    %parti/s 1, 32, 7;
    %pushi/vec4 1, 0, 1;
    %cmp/e;
    %flag_get/vec4 4;
    %store/vec4 v0x5591d4e86750_0, 0, 1;
    %jmp T_0.17;
T_0.4 ;
    %load/vec4 v0x5591d4e86aa0_0;
    %load/vec4 v0x5591d4e86b80_0;
    %sub;
    %store/vec4 v0x5591d4e86de0_0, 0, 32;
    %load/vec4 v0x5591d4e86aa0_0;
    %load/vec4 v0x5591d4e86b80_0;
    %xor;
    %load/vec4 v0x5591d4e86aa0_0;
    %load/vec4 v0x5591d4e86de0_0;
    %xor;
    %and;
    %pad/u 1;
    %store/vec4 v0x5591d4e86c60_0, 0, 1;
    %load/vec4 v0x5591d4e86de0_0;
    %parti/s 1, 31, 6;
    %cmpi/e 1, 0, 1;
    %flag_mov 8, 4;
    %jmp/0 T_0.28, 8;
    %pushi/vec4 1, 0, 1;
    %jmp/1 T_0.29, 8;
T_0.28 ; End of true expr.
    %pushi/vec4 0, 0, 1;
    %jmp/0 T_0.29, 8;
 ; End of false expr.
    %blend;
T_0.29;
    %store/vec4 v0x5591d4e867f0_0, 0, 1;
    %jmp T_0.17;
T_0.5 ;
    %load/vec4 v0x5591d4e86aa0_0;
    %pad/u 33;
    %load/vec4 v0x5591d4e86b80_0;
    %pad/u 33;
    %sub;
    %load/vec4 v0x5591d4e86750_0;
    %pad/u 33;
    %inv;
    %sub;
    %split/vec4 32;
    %store/vec4 v0x5591d4e86de0_0, 0, 32;
    %store/vec4 v0x5591d4e86750_0, 0, 1;
    %load/vec4 v0x5591d4e86de0_0;
    %pushi/vec4 0, 0, 32;
    %cmp/e;
    %flag_get/vec4 4;
    %store/vec4 v0x5591d4e86f80_0, 0, 1;
    %jmp T_0.17;
T_0.6 ;
    %load/vec4 v0x5591d4e86b80_0;
    %pad/u 33;
    %load/vec4 v0x5591d4e86aa0_0;
    %pad/u 33;
    %sub;
    %load/vec4 v0x5591d4e86750_0;
    %pad/u 33;
    %inv;
    %sub;
    %split/vec4 32;
    %store/vec4 v0x5591d4e86de0_0, 0, 32;
    %store/vec4 v0x5591d4e86750_0, 0, 1;
    %load/vec4 v0x5591d4e86de0_0;
    %pushi/vec4 0, 0, 32;
    %cmp/e;
    %flag_get/vec4 4;
    %store/vec4 v0x5591d4e86f80_0, 0, 1;
    %jmp T_0.17;
T_0.7 ;
    %load/vec4 v0x5591d4e86aa0_0;
    %load/vec4 v0x5591d4e86b80_0;
    %and;
    %store/vec4 v0x5591d4e86de0_0, 0, 32;
    %load/vec4 v0x5591d4e86de0_0;
    %pushi/vec4 0, 0, 32;
    %cmp/e;
    %flag_get/vec4 4;
    %store/vec4 v0x5591d4e86f80_0, 0, 1;
    %jmp T_0.17;
T_0.8 ;
    %load/vec4 v0x5591d4e86aa0_0;
    %load/vec4 v0x5591d4e86b80_0;
    %inv;
    %and;
    %store/vec4 v0x5591d4e86de0_0, 0, 32;
    %load/vec4 v0x5591d4e86de0_0;
    %pushi/vec4 0, 0, 32;
    %cmp/e;
    %flag_get/vec4 4;
    %store/vec4 v0x5591d4e86f80_0, 0, 1;
    %jmp T_0.17;
T_0.9 ;
    %load/vec4 v0x5591d4e86aa0_0;
    %parti/s 1, 31, 6;
    %load/vec4 v0x5591d4e86b80_0;
    %parti/s 1, 31, 6;
    %and;
    %load/vec4 v0x5591d4e86aa0_0;
    %load/vec4 v0x5591d4e86b80_0;
    %and;
    %pushi/vec4 0, 0, 32;
    %cmp/e;
    %flag_get/vec4 4;
    %concat/vec4; draw_concat_vec4
    %split/vec4 1;
    %store/vec4 v0x5591d4e86f80_0, 0, 1;
    %store/vec4 v0x5591d4e867f0_0, 0, 1;
    %jmp T_0.17;
T_0.10 ;
    %load/vec4 v0x5591d4e86aa0_0;
    %parti/s 1, 31, 6;
    %load/vec4 v0x5591d4e86b80_0;
    %parti/s 1, 31, 6;
    %xor;
    %load/vec4 v0x5591d4e86aa0_0;
    %load/vec4 v0x5591d4e86b80_0;
    %xor;
    %pushi/vec4 0, 0, 32;
    %cmp/e;
    %flag_get/vec4 4;
    %concat/vec4; draw_concat_vec4
    %split/vec4 1;
    %store/vec4 v0x5591d4e86f80_0, 0, 1;
    %store/vec4 v0x5591d4e867f0_0, 0, 1;
    %jmp T_0.17;
T_0.11 ;
    %load/vec4 v0x5591d4e86aa0_0;
    %load/vec4 v0x5591d4e86b80_0;
    %or;
    %store/vec4 v0x5591d4e86de0_0, 0, 32;
    %load/vec4 v0x5591d4e86de0_0;
    %pushi/vec4 0, 0, 32;
    %cmp/e;
    %flag_get/vec4 4;
    %store/vec4 v0x5591d4e86f80_0, 0, 1;
    %jmp T_0.17;
T_0.12 ;
    %load/vec4 v0x5591d4e86aa0_0;
    %load/vec4 v0x5591d4e86b80_0;
    %xor;
    %store/vec4 v0x5591d4e86de0_0, 0, 32;
    %load/vec4 v0x5591d4e86de0_0;
    %pushi/vec4 0, 0, 32;
    %cmp/e;
    %flag_get/vec4 4;
    %store/vec4 v0x5591d4e86f80_0, 0, 1;
    %jmp T_0.17;
T_0.13 ;
    %load/vec4 v0x5591d4e86aa0_0;
    %inv;
    %store/vec4 v0x5591d4e86de0_0, 0, 32;
    %load/vec4 v0x5591d4e86de0_0;
    %pushi/vec4 0, 0, 32;
    %cmp/e;
    %flag_get/vec4 4;
    %store/vec4 v0x5591d4e86f80_0, 0, 1;
    %jmp T_0.17;
T_0.14 ;
    %load/vec4 v0x5591d4e86b80_0;
    %load/vec4 v0x5591d4e86aa0_0;
    %sub;
    %store/vec4 v0x5591d4e86de0_0, 0, 32;
    %load/vec4 v0x5591d4e86de0_0;
    %pushi/vec4 0, 0, 32;
    %cmp/e;
    %flag_get/vec4 4;
    %store/vec4 v0x5591d4e86f80_0, 0, 1;
    %jmp T_0.17;
T_0.15 ;
    %load/vec4 v0x5591d4e86aa0_0;
    %parti/s 1, 31, 6;
    %load/vec4 v0x5591d4e86aa0_0;
    %load/vec4 v0x5591d4e86b80_0;
    %sub;
    %pushi/vec4 0, 0, 32;
    %cmp/e;
    %flag_get/vec4 4;
    %concat/vec4; draw_concat_vec4
    %load/vec4 v0x5591d4e86b80_0;
    %load/vec4 v0x5591d4e86aa0_0;
    %cmp/s;
    %flag_get/vec4 4;
    %flag_get/vec4 5;
    %or;
    %concat/vec4; draw_concat_vec4
    %load/vec4 v0x5591d4e86aa0_0;
    %parti/s 1, 31, 6;
    %pad/u 32;
    %load/vec4 v0x5591d4e86b80_0;
    %parti/s 1, 31, 6;
    %pad/u 32;
    %inv;
    %and;
    %load/vec4 v0x5591d4e86aa0_0;
    %load/vec4 v0x5591d4e86b80_0;
    %sub;
    %ix/load 4, 31, 0;
    %flag_set/imm 4, 0;
    %shiftr 4;
    %and;
    %concat/vec4; draw_concat_vec4
    %pad/u 4;
    %split/vec4 1;
    %store/vec4 v0x5591d4e86c60_0, 0, 1;
    %split/vec4 1;
    %store/vec4 v0x5591d4e86750_0, 0, 1;
    %split/vec4 1;
    %store/vec4 v0x5591d4e86f80_0, 0, 1;
    %store/vec4 v0x5591d4e867f0_0, 0, 1;
    %jmp T_0.17;
T_0.16 ;
    %load/vec4 v0x5591d4e86aa0_0;
    %parti/s 1, 31, 6;
    %load/vec4 v0x5591d4e86aa0_0;
    %load/vec4 v0x5591d4e86b80_0;
    %add;
    %pushi/vec4 0, 0, 32;
    %cmp/e;
    %flag_get/vec4 4;
    %concat/vec4; draw_concat_vec4
    %load/vec4 v0x5591d4e86aa0_0;
    %load/vec4 v0x5591d4e86b80_0;
    %add;
    %load/vec4 v0x5591d4e86aa0_0;
    %cmp/s;
    %flag_get/vec4 5;
    %concat/vec4; draw_concat_vec4
    %load/vec4 v0x5591d4e86aa0_0;
    %parti/s 1, 31, 6;
    %pad/u 32;
    %load/vec4 v0x5591d4e86b80_0;
    %parti/s 1, 31, 6;
    %pad/u 32;
    %and;
    %load/vec4 v0x5591d4e86aa0_0;
    %load/vec4 v0x5591d4e86b80_0;
    %add;
    %ix/load 4, 31, 0;
    %flag_set/imm 4, 0;
    %shiftr 4;
    %inv;
    %and;
    %concat/vec4; draw_concat_vec4
    %pad/u 4;
    %split/vec4 1;
    %store/vec4 v0x5591d4e86c60_0, 0, 1;
    %split/vec4 1;
    %store/vec4 v0x5591d4e86750_0, 0, 1;
    %split/vec4 1;
    %store/vec4 v0x5591d4e86f80_0, 0, 1;
    %store/vec4 v0x5591d4e867f0_0, 0, 1;
    %jmp T_0.17;
T_0.17 ;
    %pop/vec4 1;
    %load/vec4 v0x5591d4e867f0_0;
    %load/vec4 v0x5591d4e86f80_0;
    %concat/vec4; draw_concat_vec4
    %load/vec4 v0x5591d4e86750_0;
    %concat/vec4; draw_concat_vec4
    %load/vec4 v0x5591d4e86c60_0;
    %concat/vec4; draw_concat_vec4
    %store/vec4 v0x5591d4e868b0_0, 0, 4;
T_0.1 ;
    %jmp T_0;
    .thread T_0, $push;
# The file index is used to find the file name in the following table.
:file_names 3;
    "N/A";
    "<interactive>";
    "ALU.v";
